<?xml version="1.0" encoding="UTF-8"?>
<testng-results ignored="0" total="2" passed="2" failed="0" skipped="0">
  <reporter-output>
  </reporter-output>
  <suite started-at="2025-12-07T12:49:31 IST" name="Suite" finished-at="2025-12-07T12:49:41 IST" duration-ms="9717">
    <groups>
      <group name="Master">
        <method signature="TC_001_AccountRegisterPage.accountRegistration()[pri:0, instance:testCases.TC_001_AccountRegisterPage@3a52dba3]" name="accountRegistration" class="testCases.TC_001_AccountRegisterPage"/>
        <method signature="TC_002_DataDrivenTesting.verify_login()[pri:0, instance:testCases.TC_002_DataDrivenTesting@2925bf5b]" name="verify_login" class="testCases.TC_002_DataDrivenTesting"/>
      </group> <!-- Master -->
      <group name="Sanity">
        <method signature="TC_001_AccountRegisterPage.accountRegistration()[pri:0, instance:testCases.TC_001_AccountRegisterPage@3a52dba3]" name="accountRegistration" class="testCases.TC_001_AccountRegisterPage"/>
      </group> <!-- Sanity -->
      <group name="Regression">
        <method signature="TC_002_DataDrivenTesting.verify_login()[pri:0, instance:testCases.TC_002_DataDrivenTesting@2925bf5b]" name="verify_login" class="testCases.TC_002_DataDrivenTesting"/>
      </group> <!-- Regression -->
    </groups>
    <test started-at="2025-12-07T12:49:31 IST" name="Test" finished-at="2025-12-07T12:49:41 IST" duration-ms="9717">
      <class name="testCases.TC_001_AccountRegisterPage">
        <test-method is-config="true" signature="setup(java.lang.String,java.lang.String)[pri:0, instance:testCases.TC_001_AccountRegisterPage@3a52dba3]" started-at="2025-12-07T12:49:31 IST" name="setup" finished-at="2025-12-07T12:49:36 IST" duration-ms="4831" status="PASS">
          <params>
            <param index="0">
              <value>
                <![CDATA[Windows]]>
              </value>
            </param>
            <param index="1">
              <value>
                <![CDATA[chrome]]>
              </value>
            </param>
          </params>
          <reporter-output>
          </reporter-output>
        </test-method> <!-- setup -->
        <test-method signature="accountRegistration()[pri:0, instance:testCases.TC_001_AccountRegisterPage@3a52dba3]" started-at="2025-12-07T12:49:36 IST" name="accountRegistration" finished-at="2025-12-07T12:49:38 IST" duration-ms="1584" status="PASS">
          <reporter-output>
          </reporter-output>
        </test-method> <!-- accountRegistration -->
        <test-method is-config="true" signature="logout()[pri:0, instance:testCases.TC_001_AccountRegisterPage@3a52dba3]" started-at="2025-12-07T12:49:38 IST" name="logout" finished-at="2025-12-07T12:49:38 IST" duration-ms="141" status="PASS">
          <reporter-output>
          </reporter-output>
        </test-method> <!-- logout -->
      </class> <!-- testCases.TC_001_AccountRegisterPage -->
      <class name="testCases.TC_002_DataDrivenTesting">
        <test-method is-config="true" signature="setup(java.lang.String,java.lang.String)[pri:0, instance:testCases.TC_002_DataDrivenTesting@2925bf5b]" started-at="2025-12-07T12:49:38 IST" name="setup" finished-at="2025-12-07T12:49:39 IST" duration-ms="1601" status="PASS">
          <params>
            <param index="0">
              <value>
                <![CDATA[Windows]]>
              </value>
            </param>
            <param index="1">
              <value>
                <![CDATA[chrome]]>
              </value>
            </param>
          </params>
          <reporter-output>
          </reporter-output>
        </test-method> <!-- setup -->
        <test-method signature="verify_login()[pri:0, instance:testCases.TC_002_DataDrivenTesting@2925bf5b]" started-at="2025-12-07T12:49:39 IST" name="verify_login" finished-at="2025-12-07T12:49:41 IST" duration-ms="1163" status="PASS">
          <reporter-output>
          </reporter-output>
        </test-method> <!-- verify_login -->
        <test-method is-config="true" signature="logout()[pri:0, instance:testCases.TC_002_DataDrivenTesting@2925bf5b]" started-at="2025-12-07T12:49:41 IST" name="logout" finished-at="2025-12-07T12:49:41 IST" duration-ms="155" status="PASS">
          <reporter-output>
          </reporter-output>
        </test-method> <!-- logout -->
      </class> <!-- testCases.TC_002_DataDrivenTesting -->
    </test> <!-- Test -->
  </suite> <!-- Suite -->
</testng-results>
