<?xml version="1.0" encoding="UTF-8"?>
<testng-results ignored="0" total="2" passed="2" failed="0" skipped="0">
  <reporter-output>
  </reporter-output>
  <suite started-at="2025-12-07T01:23:00 IST" name="Suite" finished-at="2025-12-07T01:23:12 IST" duration-ms="11757">
    <groups>
      <group name="Master">
        <method signature="TC_001_AccountRegisterPage.accountRegistration()[pri:0, instance:testCases.TC_001_AccountRegisterPage@7a8c8dcf]" name="accountRegistration" class="testCases.TC_001_AccountRegisterPage"/>
        <method signature="TC_002_DataDrivenTesting.verify_login()[pri:0, instance:testCases.TC_002_DataDrivenTesting@752325ad]" name="verify_login" class="testCases.TC_002_DataDrivenTesting"/>
      </group> <!-- Master -->
      <group name="Sanity">
        <method signature="TC_001_AccountRegisterPage.accountRegistration()[pri:0, instance:testCases.TC_001_AccountRegisterPage@7a8c8dcf]" name="accountRegistration" class="testCases.TC_001_AccountRegisterPage"/>
      </group> <!-- Sanity -->
      <group name="Regression">
        <method signature="TC_002_DataDrivenTesting.verify_login()[pri:0, instance:testCases.TC_002_DataDrivenTesting@752325ad]" name="verify_login" class="testCases.TC_002_DataDrivenTesting"/>
      </group> <!-- Regression -->
    </groups>
    <test started-at="2025-12-07T01:23:00 IST" name="Test" finished-at="2025-12-07T01:23:12 IST" duration-ms="11757">
      <class name="testCases.TC_001_AccountRegisterPage">
        <test-method is-config="true" signature="setup(java.lang.String,java.lang.String)[pri:0, instance:testCases.TC_001_AccountRegisterPage@7a8c8dcf]" started-at="2025-12-07T01:23:00 IST" name="setup" finished-at="2025-12-07T01:23:05 IST" duration-ms="4520" status="PASS">
          <params>
            <param index="0">
              <value>
                <![CDATA[Windows]]>
              </value>
            </param>
            <param index="1">
              <value>
                <![CDATA[chrome]]>
              </value>
            </param>
          </params>
          <reporter-output>
          </reporter-output>
        </test-method> <!-- setup -->
        <test-method signature="accountRegistration()[pri:0, instance:testCases.TC_001_AccountRegisterPage@7a8c8dcf]" started-at="2025-12-07T01:23:05 IST" name="accountRegistration" finished-at="2025-12-07T01:23:08 IST" duration-ms="2629" status="PASS">
          <reporter-output>
          </reporter-output>
        </test-method> <!-- accountRegistration -->
        <test-method is-config="true" signature="logout()[pri:0, instance:testCases.TC_001_AccountRegisterPage@7a8c8dcf]" started-at="2025-12-07T01:23:08 IST" name="logout" finished-at="2025-12-07T01:23:08 IST" duration-ms="180" status="PASS">
          <reporter-output>
          </reporter-output>
        </test-method> <!-- logout -->
      </class> <!-- testCases.TC_001_AccountRegisterPage -->
      <class name="testCases.TC_002_DataDrivenTesting">
        <test-method is-config="true" signature="setup(java.lang.String,java.lang.String)[pri:0, instance:testCases.TC_002_DataDrivenTesting@752325ad]" started-at="2025-12-07T01:23:08 IST" name="setup" finished-at="2025-12-07T01:23:10 IST" duration-ms="1875" status="PASS">
          <params>
            <param index="0">
              <value>
                <![CDATA[Windows]]>
              </value>
            </param>
            <param index="1">
              <value>
                <![CDATA[chrome]]>
              </value>
            </param>
          </params>
          <reporter-output>
          </reporter-output>
        </test-method> <!-- setup -->
        <test-method signature="verify_login()[pri:0, instance:testCases.TC_002_DataDrivenTesting@752325ad]" started-at="2025-12-07T01:23:10 IST" name="verify_login" finished-at="2025-12-07T01:23:12 IST" duration-ms="2019" status="PASS">
          <reporter-output>
          </reporter-output>
        </test-method> <!-- verify_login -->
        <test-method is-config="true" signature="logout()[pri:0, instance:testCases.TC_002_DataDrivenTesting@752325ad]" started-at="2025-12-07T01:23:12 IST" name="logout" finished-at="2025-12-07T01:23:12 IST" duration-ms="157" status="PASS">
          <reporter-output>
          </reporter-output>
        </test-method> <!-- logout -->
      </class> <!-- testCases.TC_002_DataDrivenTesting -->
    </test> <!-- Test -->
  </suite> <!-- Suite -->
</testng-results>
